lite/examples/model_personalization/android/app/build/intermediates/manifest_merge_blame_file/release/manifest-merger-blame-release-report.txt
1<?xml version="1.0" encoding="utf-8"?>
2<!--
3    ~ Copyright 2022 The TensorFlow Authors. All Rights Reserved.
4    ~
5    ~ Licensed under the Apache License, Version 2.0 (the "License");
6    ~ you may not use this file except in compliance with the License.
7    ~ You may obtain a copy of the License at
8    ~
9    ~       http://www.apache.org/licenses/LICENSE-2.0
10    ~
11    ~ Unless required by applicable law or agreed to in writing, software
12    ~ distributed under the License is distributed on an "AS IS" BASIS,
13    ~ WITHOUT WARRANTIES OR CONDITIONS OF ANY KIND, either express or implied.
14    ~ See the License for the specific language governing permissions and
15    ~ limitations under the License.
16-->
17<manifest xmlns:android="http://schemas.android.com/apk/res/android"
18    xmlns:dist="http://schemas.android.com/apk/distribution"
19    package="org.tensorflow.lite.examples.modelpersonalization"
20    android:versionCode="1"
21    android:versionName="1.0" >
22
23    <uses-sdk
24        android:minSdkVersion="23"
24-->src/main/AndroidManifest.xml
25        android:targetSdkVersion="32" />
25-->src/main/AndroidManifest.xml
26
27    <!-- Enable instant app support -->
28    <dist:module dist:instant="true" />
28-->src/main/AndroidManifest.xml:23:5-40
28-->src/main/AndroidManifest.xml:23:18-37
29
30    <!-- Declare features -->
31    <uses-feature android:name="android.hardware.camera" />
31-->src/main/AndroidManifest.xml:26:5-60
31-->src/main/AndroidManifest.xml:26:19-57
32
33    <!-- Declare permissions -->
34    <uses-permission android:name="android.permission.CAMERA" />
34-->src/main/AndroidManifest.xml:29:5-65
34-->src/main/AndroidManifest.xml:29:22-62
35
36    <application
36-->src/main/AndroidManifest.xml:31:5-62:19
37        android:allowBackup="true"
37-->src/main/AndroidManifest.xml:32:9-35
38        android:appComponentFactory="androidx.core.app.CoreComponentFactory"
38-->[androidx.core:core:1.8.0] AndroidManifest.xml:24:18-86
39        android:extractNativeLibs="false"
40        android:icon="@mipmap/ic_launcher"
40-->src/main/AndroidManifest.xml:33:9-43
41        android:label="@string/app_name"
41-->src/main/AndroidManifest.xml:34:9-41
42        android:roundIcon="@mipmap/ic_launcher_round"
42-->src/main/AndroidManifest.xml:35:9-54
43        android:supportsRtl="true"
43-->src/main/AndroidManifest.xml:36:9-35
44        android:taskAffinity="" >
44-->src/main/AndroidManifest.xml:37:9-32
45        <activity
45-->src/main/AndroidManifest.xml:40:9-61:20
46            android:name="org.tensorflow.lite.examples.modelpersonalization.MainActivity"
46-->src/main/AndroidManifest.xml:41:13-41
47            android:clearTaskOnLaunch="true"
47-->src/main/AndroidManifest.xml:42:13-45
48            android:configChanges="orientation|screenLayout|screenSize|smallestScreenSize"
48-->src/main/AndroidManifest.xml:43:13-91
49            android:exported="true"
49-->src/main/AndroidManifest.xml:44:13-36
50            android:resizeableActivity="true"
50-->src/main/AndroidManifest.xml:45:13-46
51            android:rotationAnimation="seamless"
51-->src/main/AndroidManifest.xml:46:13-49
52            android:theme="@style/AppTheme" >
52-->src/main/AndroidManifest.xml:47:13-44
53
54            <!-- Main app intent filter -->
55            <intent-filter>
55-->src/main/AndroidManifest.xml:51:13-55:29
56                <action android:name="android.intent.action.MAIN" />
56-->src/main/AndroidManifest.xml:52:17-69
56-->src/main/AndroidManifest.xml:52:25-66
57
58                <category android:name="android.intent.category.LAUNCHER" />
58-->src/main/AndroidManifest.xml:54:17-77
58-->src/main/AndroidManifest.xml:54:27-74
59            </intent-filter>
60
61            <!-- Declare notch support -->
62            <meta-data
62-->src/main/AndroidManifest.xml:58:13-60:40
63                android:name="android.notch_support"
63-->src/main/AndroidManifest.xml:59:17-53
64                android:value="true" />
64-->src/main/AndroidManifest.xml:60:17-37
65        </activity>
66
67        <uses-library
67-->[androidx.window:window:1.1.0-alpha03] AndroidManifest.xml:23:9-25:40
68            android:name="androidx.window.extensions"
68-->[androidx.window:window:1.1.0-alpha03] AndroidManifest.xml:24:13-54
69            android:required="false" />
69-->[androidx.window:window:1.1.0-alpha03] AndroidManifest.xml:25:13-37
70        <uses-library
70-->[androidx.window:window:1.1.0-alpha03] AndroidManifest.xml:26:9-28:40
71            android:name="androidx.window.sidecar"
71-->[androidx.window:window:1.1.0-alpha03] AndroidManifest.xml:27:13-51
72            android:required="false" />
72-->[androidx.window:window:1.1.0-alpha03] AndroidManifest.xml:28:13-37
73
74        <service
74-->[androidx.camera:camera-camera2:1.2.0-alpha04] AndroidManifest.xml:24:9-33:19
75            android:name="androidx.camera.core.impl.MetadataHolderService"
75-->[androidx.camera:camera-camera2:1.2.0-alpha04] AndroidManifest.xml:25:13-75
76            android:enabled="false"
76-->[androidx.camera:camera-camera2:1.2.0-alpha04] AndroidManifest.xml:26:13-36
77            android:exported="false" >
77-->[androidx.camera:camera-camera2:1.2.0-alpha04] AndroidManifest.xml:27:13-37
78            <meta-data
78-->[androidx.camera:camera-camera2:1.2.0-alpha04] AndroidManifest.xml:30:13-32:89
79                android:name="androidx.camera.core.impl.MetadataHolderService.DEFAULT_CONFIG_PROVIDER"
79-->[androidx.camera:camera-camera2:1.2.0-alpha04] AndroidManifest.xml:31:17-103
80                android:value="androidx.camera.camera2.Camera2Config$DefaultProvider" />
80-->[androidx.camera:camera-camera2:1.2.0-alpha04] AndroidManifest.xml:32:17-86
81        </service>
82
83        <provider
83-->[androidx.emoji2:emoji2:1.2.0] AndroidManifest.xml:24:9-32:20
84            android:name="androidx.startup.InitializationProvider"
84-->[androidx.emoji2:emoji2:1.2.0] AndroidManifest.xml:25:13-67
85            android:authorities="org.tensorflow.lite.examples.modelpersonalization.androidx-startup"
85-->[androidx.emoji2:emoji2:1.2.0] AndroidManifest.xml:26:13-68
86            android:exported="false" >
86-->[androidx.emoji2:emoji2:1.2.0] AndroidManifest.xml:27:13-37
87            <meta-data
87-->[androidx.emoji2:emoji2:1.2.0] AndroidManifest.xml:29:13-31:52
88                android:name="androidx.emoji2.text.EmojiCompatInitializer"
88-->[androidx.emoji2:emoji2:1.2.0] AndroidManifest.xml:30:17-75
89                android:value="androidx.startup" />
89-->[androidx.emoji2:emoji2:1.2.0] AndroidManifest.xml:31:17-49
90            <meta-data
90-->[androidx.lifecycle:lifecycle-process:2.4.1] AndroidManifest.xml:31:13-33:52
91                android:name="androidx.lifecycle.ProcessLifecycleInitializer"
91-->[androidx.lifecycle:lifecycle-process:2.4.1] AndroidManifest.xml:32:17-78
92                android:value="androidx.startup" />
92-->[androidx.lifecycle:lifecycle-process:2.4.1] AndroidManifest.xml:33:17-49
93        </provider>
94    </application>
95
96</manifest>